<?xml version="1.0" encoding="UTF-8"?>
<!-- Generated by org.testng.reporters.JUnitXMLReporter -->
<testsuite ignored="0" hostname="LAPTOP-TVAPE3KQ" failures="5" tests="24" name="Regression Tests" time="217.918" errors="0" timestamp="2026-02-03T20:22:05 IST">
  <testcase classname="tests.regression.AdminFunctionTest" name="A_TS01_TC01_verfifyAdminLoginSuccessfully" time="1.833"/>
  <testcase classname="tests.regression.AdminFunctionTest" name="A_TS04_TC011_verifyUpdatingDetailOfExstingUser" time="4.267"/>
  <testcase classname="tests.regression.AdminFunctionTest" name="A_TS04_TC01_verifyAddingNewUser" time="4.363"/>
  <testcase classname="tests.regression.AdminFunctionTest" name="A_TS04_TC21_verfiyAdminCanSwitcToCoordinaor" time="5.48"/>
  <testcase classname="tests.regression.AdminFunctionTest" name="A_TS05_TC01_verifyAddingNewCourse" time="4.412"/>
  <testcase classname="tests.regression.AdminFunctionTest" name="A_TS05_TC10_verifyUpdatingOFCourse" time="2.417"/>
  <testcase classname="tests.regression.AdminFunctionTest" name="A_TS05_TC12_verifyAddingNewModule" time="5.178"/>
  <testcase classname="tests.regression.AdminFunctionTest" name="A_TS06_TC07_verfiyResultVisible" time="4.316"/>
  <testcase classname="tests.regression.CoordinatorFunctionTest" name="C_TS10_TC09_verifyResultVisibilityToCoordinator" time="3.679"/>
  <testcase classname="tests.regression.CoordinatorFunctionTest" name="C_TS12_TC04_verifyManageStudentDataInvalidFilelUpload" time="4.051"/>
  <testcase classname="tests.regression.CoordinatorFunctionTest" name="C_TS12_TC27_manageStudentEditStuduentBlock" time="25.847">
    <failure type="org.openqa.selenium.TimeoutException" message="Expected condition failed: waiting for visibility of [[ChromeDriver: chrome on windows (24da26c5c4925a46f49f95bf40dae378)] -&amp;gt; id: labelMessage] (tried for 10 second(s) with 500 milliseconds interval)
Build info: version: &amp;apos;4.20.0&amp;apos;, revision: &amp;apos;866c76ca80&amp;apos;
System info: os.name: &amp;apos;Windows 11&amp;apos;, os.arch: &amp;apos;amd64&amp;apos;, os.version: &amp;apos;10.0&amp;apos;, java.version: &amp;apos;17.0.12&amp;apos;
Driver info: org.openqa.selenium.chrome.ChromeDriver
Capabilities {acceptInsecureCerts: false, browserName: chrome, browserVersion: 144.0.7559.110, chrome: {chromedriverVersion: 144.0.7559.109 (6a8d5e49388..., userDataDir: C:\Users\Lenovo\AppData\Loc...}, fedcm:accounts: true, goog:chromeOptions: {debuggerAddress: localhost:56675}, goog:processID: 26516, networkConnectionEnabled: false, pageLoadStrategy: normal, platformName: windows, proxy: Proxy(), se:cdp: ws://localhost:56675/devtoo..., se:cdpVersion: 144.0.7559.110, setWindowRect: true, strictFileInteractability: false, timeouts: {implicit: 0, pageLoad: 300000, script: 30000}, unhandledPromptBehavior: dismiss and notify, webauthn:extension:credBlob: true, webauthn:extension:largeBlob: true, webauthn:extension:minPinLength: true, webauthn:extension:prf: true, webauthn:virtualAuthenticators: true}
Session ID: 24da26c5c4925a46f49f95bf40dae378">
      <![CDATA[org.openqa.selenium.TimeoutException: Expected condition failed: waiting for visibility of [[ChromeDriver: chrome on windows (24da26c5c4925a46f49f95bf40dae378)] -> id: labelMessage] (tried for 10 second(s) with 500 milliseconds interval)
Build info: version: '4.20.0', revision: '866c76ca80'
System info: os.name: 'Windows 11', os.arch: 'amd64', os.version: '10.0', java.version: '17.0.12'
Driver info: org.openqa.selenium.chrome.ChromeDriver
Capabilities {acceptInsecureCerts: false, browserName: chrome, browserVersion: 144.0.7559.110, chrome: {chromedriverVersion: 144.0.7559.109 (6a8d5e49388..., userDataDir: C:\Users\Lenovo\AppData\Loc...}, fedcm:accounts: true, goog:chromeOptions: {debuggerAddress: localhost:56675}, goog:processID: 26516, networkConnectionEnabled: false, pageLoadStrategy: normal, platformName: windows, proxy: Proxy(), se:cdp: ws://localhost:56675/devtoo..., se:cdpVersion: 144.0.7559.110, setWindowRect: true, strictFileInteractability: false, timeouts: {implicit: 0, pageLoad: 300000, script: 30000}, unhandledPromptBehavior: dismiss and notify, webauthn:extension:credBlob: true, webauthn:extension:largeBlob: true, webauthn:extension:minPinLength: true, webauthn:extension:prf: true, webauthn:virtualAuthenticators: true}
Session ID: 24da26c5c4925a46f49f95bf40dae378
at org.openqa.selenium.support.ui.WebDriverWait.timeoutException(WebDriverWait.java:84)
at org.openqa.selenium.support.ui.FluentWait.until(FluentWait.java:228)
at utils.WaitUtils.waitForVisibility(WaitUtils.java:18)
at pages.BasePage.getText(BasePage.java:45)
at pages.ExaminerManageStudents.verifyblockUnblockmessage(ExaminerManageStudents.java:86)
at tests.regression.CoordinatorFunctionTest.C_TS12_TC27_manageStudentEditStuduentBlock(CoordinatorFunctionTest.java:69)
at java.base/java.util.ArrayList.forEach(ArrayList.java:1511)
... Removed 27 stack frames]]>
    </failure>
  </testcase> <!-- C_TS12_TC27_manageStudentEditStuduentBlock -->
  <testcase classname="tests.regression.CoordinatorFunctionTest" name="C_TS09_TC06_verifyExamScheduleBycoordinator" time="5.819"/>
  <testcase classname="tests.regression.CoordinatorFunctionTest" name="C_TS12_TC10_verifyManageStudentDataValidFilelUpload" time="4.355"/>
  <testcase classname="tests.regression.CoordinatorFunctionTest" name="C_TS12_TC28_manageStudentEditStuduentUnBlock" time="0.0">
    <skipped/>
  </testcase> <!-- C_TS12_TC28_manageStudentEditStuduentUnBlock -->
  <testcase classname="tests.regression.StudentFunctionTest" name="verifyStudenLogin" time="11.065">
    <failure type="java.lang.AssertionError" message="Student dashboard is not visible after login expected [true] but found [false]">
      <![CDATA[java.lang.AssertionError: Student dashboard is not visible after login expected [true] but found [false]
at tests.regression.StudentFunctionTest.verifyStudenLogin(StudentFunctionTest.java:25)
at java.base/java.util.ArrayList.forEach(ArrayList.java:1511)
... Removed 30 stack frames]]>
    </failure>
  </testcase> <!-- verifyStudenLogin -->
  <testcase classname="tests.regression.StudentFunctionTest" name="verifyStudentExamstart" time="1.092">
    <failure type="java.lang.AssertionError" message="expected [true] but found [false]">
      <![CDATA[java.lang.AssertionError: expected [true] but found [false]
at tests.regression.StudentFunctionTest.verifyStudentExamstart(StudentFunctionTest.java:47)
at java.base/java.util.ArrayList.forEach(ArrayList.java:1511)
... Removed 34 stack frames]]>
    </failure>
  </testcase> <!-- verifyStudentExamstart -->
  <testcase classname="tests.regression.AuthorizationRegressionTest" name="A_TS01_TC17_verifyAdminCannotAccessCoordinatorDashboardByUrl" time="11.708"/>
  <testcase classname="tests.regression.AuthorizationRegressionTest" name="A_TS04_TC21_verifyAdminCanAccessCoordinatorDashboardBySwitch" time="2.105">
    <failure type="java.lang.AssertionError" message="Admin should redirect to Corrdinator Dashboard by Switch! expected [true] but found [false]">
      <![CDATA[java.lang.AssertionError: Admin should redirect to Corrdinator Dashboard by Switch! expected [true] but found [false]
at tests.regression.AuthorizationRegressionTest.A_TS04_TC21_verifyAdminCanAccessCoordinatorDashboardBySwitch(AuthorizationRegressionTest.java:64)
at java.base/java.util.ArrayList.forEach(ArrayList.java:1511)
... Removed 30 stack frames]]>
    </failure>
  </testcase> <!-- A_TS04_TC21_verifyAdminCanAccessCoordinatorDashboardBySwitch -->
  <testcase classname="tests.regression.AuthorizationRegressionTest" name="C_TS08_TC017_verifyCoordinatorCantnotAccessAdminDashboard" time="1.277">
    <failure type="java.lang.AssertionError" message="BUG: Coordinator can view Admin Dashboard details! expected [false] but found [true]">
      <![CDATA[java.lang.AssertionError: BUG: Coordinator can view Admin Dashboard details! expected [false] but found [true]
at tests.regression.AuthorizationRegressionTest.C_TS08_TC017_verifyCoordinatorCantnotAccessAdminDashboard(AuthorizationRegressionTest.java:45)
at java.base/java.util.ArrayList.forEach(ArrayList.java:1511)
... Removed 30 stack frames]]>
    </failure>
  </testcase> <!-- C_TS08_TC017_verifyCoordinatorCantnotAccessAdminDashboard -->
  <testcase classname="tests.regression.AuthorizationRegressionTest" name="S_TS01_TC14_verifyStudentCannotAccessAdminDashboard" time="11.247"/>
  <testcase classname="tests.regression.AuthorizationRegressionTest" name="S_TS01_TC15_verifyStudentCannotAccessCoordinatorDashboard" time="1.045"/>
  <testcase classname="tests.regression.InvalidLoginRegressionTest" name="verifyLoginFailsWithEmptyCredentials" time="0.922"/>
  <testcase classname="tests.regression.InvalidLoginRegressionTest" name="verifyLoginFailsWithWrongPassword" time="1.401"/>
  <testcase classname="tests.regression.InvalidLoginRegressionTest" name="verifyLoginFailsWithWrongUserId" time="1.369"/>
</testsuite> <!-- Regression Tests -->
