<?xml version="1.0" encoding="UTF-8"?>
<!-- Generated by org.testng.reporters.JUnitXMLReporter -->
<testsuite ignored="0" hostname="LAPTOP-TVAPE3KQ" failures="0" tests="10" name="Smoke Tests" time="121.896" errors="0" timestamp="2026-02-03T20:17:48 IST">
  <testcase classname="tests.smoke.LoginDataDrivenSmokeTest" name="verifyAdminLoginWithMultipleUsers" time="2.516"/>
  <testcase classname="tests.smoke.LoginDataDrivenSmokeTest" name="verifyCoordinatorLoginWithMultipleUsers" time="2.194"/>
  <testcase classname="tests.smoke.LoginDataDrivenSmokeTest" name="verifyCoordinatorLoginWithMultipleUsers" time="2.436"/>
  <testcase classname="tests.smoke.LoginDataDrivenSmokeTest" name="verifyStudentLoginWithMultipleUsers" time="2.431"/>
  <testcase classname="tests.smoke.LoginDataDrivenSmokeTest" name="verifyStudentLoginWithMultipleUsers" time="2.147"/>
  <testcase classname="tests.smoke.LoginDataDrivenSmokeTest" name="verifyStudentLoginWithMultipleUsers" time="2.265"/>
  <testcase classname="tests.smoke.LoginDataDrivenSmokeTest" name="verifyStudentLoginWithMultipleUsers" time="2.586"/>
  <testcase classname="tests.smoke.LoginDataDrivenSmokeTest" name="verifyStudentLoginWithMultipleUsers" time="2.268"/>
  <testcase classname="tests.smoke.LoginDataDrivenSmokeTest" name="verifyStudentLoginWithMultipleUsers" time="1.925"/>
  <testcase classname="tests.smoke.LoginDataDrivenSmokeTest" name="verifyStudentLoginWithMultipleUsers" time="1.891"/>
</testsuite> <!-- Smoke Tests -->
