<?xml version="1.0" encoding="UTF-8"?>
<!-- Generated by org.testng.reporters.JUnitXMLReporter -->
<testsuite ignored="0" hostname="LAPTOP-TVAPE3KQ" failures="1" tests="3" name="Sanity Tests" time="34.56" errors="0" timestamp="2026-02-02T17:07:56 IST">
  <testcase classname="tests.sanity.SanitySuiteTest" name="verifyAdminSanity" time="2.013"/>
  <testcase classname="tests.sanity.SanitySuiteTest" name="verifyCoordinatorSanity" time="1.989"/>
  <testcase classname="tests.sanity.SanitySuiteTest" name="verifyStudentSanity" time="11.381">
    <failure type="java.lang.AssertionError" message="Student Sanity Failed: Dashboard not visible expected [true] but found [false]">
      <![CDATA[java.lang.AssertionError: Student Sanity Failed: Dashboard not visible expected [true] but found [false]
at tests.sanity.SanitySuiteTest.verifyStudentSanity(SanitySuiteTest.java:47)
at java.base/java.util.ArrayList.forEach(ArrayList.java:1511)
... Removed 30 stack frames]]>
    </failure>
  </testcase> <!-- verifyStudentSanity -->
</testsuite> <!-- Sanity Tests -->
