<?xml version="1.0" encoding="UTF-8"?>
<!-- Generated by org.testng.reporters.JUnitReportReporter -->
<testsuite hostname="LAPTOP-TVAPE3KQ" failures="0" tests="6" name="tests.smoke.LoginSmokeTest" time="68.959" errors="0" timestamp="2026-01-31T18:00:15 IST" skipped="0">
  <testcase classname="tests.smoke.LoginSmokeTest" name="verifyStudentLogin" time="17.153"/>
  <testcase classname="tests.smoke.LoginSmokeTest" name="verifyCoordinatorLogin" time="14.663"/>
  <testcase classname="tests.smoke.LoginSmokeTest" name="verifyAdminLogin" time="7.768"/>
  <testcase classname="tests.smoke.LoginSmokeTest" name="verifyAdminLogin" time="12.907"/>
  <testcase classname="tests.smoke.LoginSmokeTest" name="verifyStudentLogin" time="12.868"/>
  <testcase classname="tests.smoke.LoginSmokeTest" name="verifyCoordinatorLogin" time="3.600"/>
</testsuite> <!-- tests.smoke.LoginSmokeTest -->
