<?xml version="1.0" encoding="UTF-8"?>
<!-- Generated by org.testng.reporters.JUnitReportReporter -->
<testsuite hostname="LAPTOP-TVAPE3KQ" failures="0" tests="3" name="tests.regression.InvalidLoginRegressionTest" time="18.411" errors="0" timestamp="2026-02-03T20:22:06 IST" skipped="0">
  <testcase classname="tests.regression.InvalidLoginRegressionTest" name="verifyLoginFailsWithWrongPassword" time="7.531"/>
  <testcase classname="tests.regression.InvalidLoginRegressionTest" name="verifyLoginFailsWithEmptyCredentials" time="5.124"/>
  <testcase classname="tests.regression.InvalidLoginRegressionTest" name="verifyLoginFailsWithWrongUserId" time="5.756"/>
</testsuite> <!-- tests.regression.InvalidLoginRegressionTest -->
