<?xml version="1.0" encoding="UTF-8"?>
<!-- Generated by org.testng.reporters.JUnitReportReporter -->
<testsuite hostname="LAPTOP-TVAPE3KQ" failures="0" tests="9" name="tests.regression.TestAdminFunction" time="43.806" errors="0" timestamp="2026-01-31T18:00:15 IST" skipped="0">
  <testcase classname="tests.regression.TestAdminFunction" name="verfifyAdminLoginSuccessfully" time="2.894"/>
  <testcase classname="tests.regression.TestAdminFunction" name="verfiyResultVisible" time="4.596"/>
  <testcase classname="tests.regression.TestAdminFunction" name="verifyAddingNewUser" time="4.388"/>
  <testcase classname="tests.regression.TestAdminFunction" name="verifyAddingNewCourse" time="5.201"/>
  <testcase classname="tests.regression.TestAdminFunction" name="verifyUpdatingDetailOfExstingUser" time="4.636"/>
  <testcase classname="tests.regression.TestAdminFunction" name="verfiyAdminCanSwitcToCoordinaor" time="6.449"/>
  <testcase classname="tests.regression.TestAdminFunction" name="verifyUpdatingOFCourse" time="4.573"/>
  <testcase classname="tests.regression.TestAdminFunction" name="verifyResetPasswordForExistingUser" time="5.758"/>
  <testcase classname="tests.regression.TestAdminFunction" name="verifyAddingNewModule" time="5.311"/>
</testsuite> <!-- tests.regression.TestAdminFunction -->
