<?xml version="1.0" encoding="UTF-8"?>
<!-- Generated by org.testng.reporters.JUnitReportReporter -->
<testsuite hostname="LAPTOP-TVAPE3KQ" failures="0" tests="8" name="tests.regression.AdminFunctionTest" time="66.897" errors="0" timestamp="2026-02-03T20:22:06 IST" skipped="0">
  <testcase classname="tests.regression.AdminFunctionTest" name="A_TS05_TC10_verifyUpdatingOFCourse" time="5.111"/>
  <testcase classname="tests.regression.AdminFunctionTest" name="A_TS05_TC12_verifyAddingNewModule" time="11.100"/>
  <testcase classname="tests.regression.AdminFunctionTest" name="A_TS06_TC07_verfiyResultVisible" time="7.490"/>
  <testcase classname="tests.regression.AdminFunctionTest" name="A_TS04_TC01_verifyAddingNewUser" time="11.895"/>
  <testcase classname="tests.regression.AdminFunctionTest" name="A_TS05_TC01_verifyAddingNewCourse" time="8.379"/>
  <testcase classname="tests.regression.AdminFunctionTest" name="A_TS01_TC01_verfifyAdminLoginSuccessfully" time="4.735"/>
  <testcase classname="tests.regression.AdminFunctionTest" name="A_TS04_TC011_verifyUpdatingDetailOfExstingUser" time="8.086"/>
  <testcase classname="tests.regression.AdminFunctionTest" name="A_TS04_TC21_verfiyAdminCanSwitcToCoordinaor" time="10.101"/>
</testsuite> <!-- tests.regression.AdminFunctionTest -->
