<?xml version="1.0" encoding="UTF-8"?>
<testng-results ignored="0" total="1" passed="1" failed="0" skipped="0">
  <reporter-output>
  </reporter-output>
  <suite started-at="2026-01-26T20:33:41 IST" name="Epariksha Automation Suite" finished-at="2026-01-26T20:33:41 IST" duration-ms="64">
    <groups>
    </groups>
    <test started-at="2026-01-26T20:33:41 IST" name="Smoke Suite" finished-at="2026-01-26T20:33:41 IST" duration-ms="64">
      <class name="tests.smoke.LoginSmokeTest">
        <test-method signature="verifyFrameworkSetup()[pri:0, instance:tests.smoke.LoginSmokeTest@1ea9f6af]" started-at="2026-01-26T20:33:41 IST" name="verifyFrameworkSetup" finished-at="2026-01-26T20:33:41 IST" duration-ms="9" status="PASS">
          <reporter-output>
          </reporter-output>
        </test-method> <!-- verifyFrameworkSetup -->
      </class> <!-- tests.smoke.LoginSmokeTest -->
    </test> <!-- Smoke Suite -->
  </suite> <!-- Epariksha Automation Suite -->
</testng-results>
